#
# A fatal error has been detected by the Java Runtime Environment:
#
#  EXCEPTION_ACCESS_VIOLATION (0xc0000005) at pc=0x000000000644e342, pid=5196, tid=0x0000000000000be4
#
# JRE version: OpenJDK Runtime Environment (8.0_76-b03) (build 1.8.0_76-release-b03)
# Java VM: OpenJDK 64-Bit Server VM (25.76-b03 mixed mode windows-amd64 compressed oops)
# Problematic frame:
# J 21148 C1 sun.reflect.AccessorGenerator.getClassName(Ljava/lang/Class;Z)Ljava/lang/String; (184 bytes) @ 0x000000000644e342 [0x000000000644dc20+0x722]
#
# Failed to write core dump. Minidumps are not enabled by default on client versions of Windows
#
# If you would like to submit a bug report, please visit:
#   http://bugreport.java.com/bugreport/crash.jsp
#

---------------  T H R E A D  ---------------

Current thread (0x000000001be6d800):  JavaThread "Daemon worker Thread 22" [_thread_in_Java, id=3044, stack(0x0000000072d60000,0x0000000072e60000)]

siginfo: ExceptionCode=0xc0000005, reading address 0xffffffffffffffff

Registers:
RAX=0x000000010000d4c8, RBX=0x0000000000000000, RCX=0x000000002000003f, RDX=0xffffffffe9f08b68
RSP=0x0000000072e5c300, RBP=0x00000000a2bc6fc8, RSI=0x0000000000000000, RDI=0x0000000000000010
R8 =0x0000000015b48218, R9 =0x0000000000000010, R10=0x00000000e9f08b80, R11=0x00000000e9f08b68
R12=0x0000000000000000, R13=0x00000000000000c8, R14=0x0000000000000000, R15=0x000000001be6d800
RIP=0x000000000644e342, EFLAGS=0x0000000000010202

Top of Stack: (sp=0x0000000072e5c300)
0x0000000072e5c300:   0000000000000023 000000000348b4b6
0x0000000072e5c310:   000000001bc27790 000000001bc277a0
0x0000000072e5c320:   0000000000000001 00000000031d141b
0x0000000072e5c330:   0000000000000108 00000000e9f08728
0x0000000072e5c340:   0000001000000026 000000001be6d800
0x0000000072e5c350:   00000000a0d96c60 00000000a0d96f48
0x0000000072e5c360:   0000001000000001 00000000e9f08b68
0x0000000072e5c370:   00000000e9f08a28 00000000a0003b98
0x0000000072e5c380:   00000000e9f08b20 0000000005176da4
0x0000000072e5c390:   00000000a2bc6fc8 000000000644e6fc
0x0000000072e5c3a0:   00000000a2bc6fc8 0000000003e214ac
0x0000000072e5c3b0:   00000000a0d96f48 00000000e9f08678
0x0000000072e5c3c0:   00000000e9f08690 0000000072e5c378
0x0000000072e5c3d0:   0000000072e5c3b9 0000000800000003
0x0000000072e5c3e0:   0000000000000072 0000000002f1f844
0x0000000072e5c3f0:   00000000e9f08708 0000003700000007 

Instructions: (pc=0x000000000644e342)
0x000000000644e322:   dc 00 00 00 49 b8 18 82 b4 15 00 00 00 00 81 e2
0x000000000644e332:   f8 ff 7f 00 83 fa 00 0f 84 9a 0f 00 00 49 63 d3
0x000000000644e342:   a0 82 f0 c5 23 e0 d8 0f 57 ca 49 83 80 08 01 00
0x000000000644e352:   00 01 49 b8 e8 cc 2d a0 00 00 00 00 49 8b d3 90 


Register to memory mapping:

RAX=0x000000010000d4c8 is pointing into metadata
RBX=0x0000000000000000 is an unknown value
RCX=0x000000002000003f is pointing into metadata
RDX=0xffffffffe9f08b68 is an unknown value
RSP=0x0000000072e5c300 is pointing into the stack for thread: 0x000000001be6d800
RBP=0x00000000a2bc6fc8 is an oop
sun.reflect.NativeMethodAccessorImpl 
 - klass: 'sun/reflect/NativeMethodAccessorImpl'
RSI=0x0000000000000000 is an unknown value
RDI=0x0000000000000010 is an unknown value
R8 ={method} {0x0000000015b48220} 'append' '(Ljava/lang/String;)Ljava/lang/StringBuilder;' in 'java/lang/StringBuilder'
R9 =0x0000000000000010 is an unknown value
R10=0x00000000e9f08b80 is an oop
[C 
 - klass: {type array char}
 - length: 16
R11=0x00000000e9f08b68 is an oop
java.lang.StringBuilder 
 - klass: 'java/lang/StringBuilder'
R12=0x0000000000000000 is an unknown value
R13=0x00000000000000c8 is an unknown value
R14=0x0000000000000000 is an unknown value
R15=0x000000001be6d800 is a thread


Stack: [0x0000000072d60000,0x0000000072e60000],  sp=0x0000000072e5c300,  free space=1008k
Native frames: (J=compiled Java code, j=interpreted, Vv=VM code, C=native code)
C  0x000000000644e342


---------------  P R O C E S S  ---------------

Java Threads: ( => current thread )
  0x000000001be76000 JavaThread "pool-609-thread-1" [_thread_blocked, id=5620, stack(0x0000000073060000,0x0000000073160000)]
  0x000000001be6e800 JavaThread "Stdin handler" [_thread_blocked, id=2124, stack(0x0000000072f60000,0x0000000073060000)]
  0x000000001be75000 JavaThread "Asynchronous log dispatcher for org.gradle.launcher.daemon.server.DefaultDaemonConnection@6bae6e2c" [_thread_blocked, id=9152, stack(0x0000000072e60000,0x0000000072f60000)]
=>0x000000001be6d800 JavaThread "Daemon worker Thread 22" [_thread_in_Java, id=3044, stack(0x0000000072d60000,0x0000000072e60000)]
  0x000000001be71800 JavaThread "Cancel handler" [_thread_blocked, id=10024, stack(0x0000000072c60000,0x0000000072d60000)]
  0x000000001be74800 JavaThread "Handler for socket connection from /127.0.0.1:52867 to /127.0.0.1:49341" [_thread_in_native, id=9860, stack(0x0000000072b60000,0x0000000072c60000)]
  0x000000001be73000 JavaThread "Daemon Thread 22" [_thread_blocked, id=4660, stack(0x0000000072a60000,0x0000000072b60000)]
  0x000000001be6d000 JavaThread "pool-9-thread-2" [_thread_blocked, id=6800, stack(0x0000000028250000,0x0000000028350000)]
  0x000000001be6f000 JavaThread "pool-9-thread-4" [_thread_blocked, id=7480, stack(0x0000000028150000,0x0000000028250000)]
  0x000000001be72000 JavaThread "pool-9-thread-3" [_thread_blocked, id=8920, stack(0x0000000028050000,0x0000000028150000)]
  0x000000001be73800 JavaThread "pool-9-thread-1" [_thread_blocked, id=1936, stack(0x0000000027f50000,0x0000000028050000)]
  0x000000001be70000 JavaThread "stdout" daemon [_thread_in_native, id=892, stack(0x0000000027050000,0x0000000027150000)]
  0x000000001cc49000 JavaThread "stderr" daemon [_thread_in_native, id=9040, stack(0x0000000026f50000,0x0000000027050000)]
  0x000000001cc47000 JavaThread "stdout" daemon [_thread_in_native, id=5264, stack(0x0000000026e50000,0x0000000026f50000)]
  0x000000001cc4d000 JavaThread "stderr" daemon [_thread_in_native, id=9960, stack(0x0000000026d50000,0x0000000026e50000)]
  0x000000001cc4a000 JavaThread "stdout" daemon [_thread_in_native, id=6116, stack(0x0000000026c50000,0x0000000026d50000)]
  0x000000001cc47800 JavaThread "stderr" daemon [_thread_in_native, id=9712, stack(0x0000000026b50000,0x0000000026c50000)]
  0x000000001cc4e000 JavaThread "stdout" daemon [_thread_in_native, id=9616, stack(0x0000000026a50000,0x0000000026b50000)]
  0x000000001cc4b800 JavaThread "stderr" daemon [_thread_in_native, id=5776, stack(0x0000000026950000,0x0000000026a50000)]
  0x000000001cc4c800 JavaThread "stdout" daemon [_thread_in_native, id=9884, stack(0x0000000026850000,0x0000000026950000)]
  0x000000001cc4b000 JavaThread "stderr" daemon [_thread_in_native, id=2484, stack(0x0000000026750000,0x0000000026850000)]
  0x000000001cc41800 JavaThread "stdout" daemon [_thread_in_native, id=5308, stack(0x0000000026650000,0x0000000026750000)]
  0x000000001cc46000 JavaThread "stderr" daemon [_thread_in_native, id=8332, stack(0x0000000026550000,0x0000000026650000)]
  0x000000001cc48800 JavaThread "stdout" daemon [_thread_in_native, id=6408, stack(0x0000000026450000,0x0000000026550000)]
  0x000000001cc3e800 JavaThread "stderr" daemon [_thread_in_native, id=7748, stack(0x0000000026350000,0x0000000026450000)]
  0x000000001cc43000 JavaThread "stdout" daemon [_thread_in_native, id=7928, stack(0x0000000026250000,0x0000000026350000)]
  0x000000001cc42800 JavaThread "stderr" daemon [_thread_in_native, id=4200, stack(0x0000000026150000,0x0000000026250000)]
  0x000000001cc45800 JavaThread "stdout" daemon [_thread_in_native, id=6948, stack(0x0000000026050000,0x0000000026150000)]
  0x000000001cc41000 JavaThread "stderr" daemon [_thread_in_native, id=3292, stack(0x0000000025f50000,0x0000000026050000)]
  0x000000001cc44800 JavaThread "stdout" daemon [_thread_in_native, id=1944, stack(0x0000000025e50000,0x0000000025f50000)]
  0x000000001cc40000 JavaThread "stderr" daemon [_thread_in_native, id=7620, stack(0x0000000025d50000,0x0000000025e50000)]
  0x000000001cc44000 JavaThread "stdout" daemon [_thread_in_native, id=4368, stack(0x0000000025c50000,0x0000000025d50000)]
  0x000000001cc3f800 JavaThread "stderr" daemon [_thread_in_native, id=4944, stack(0x0000000025b50000,0x0000000025c50000)]
  0x000000001c514000 JavaThread "stdout" daemon [_thread_in_native, id=10032, stack(0x0000000025a50000,0x0000000025b50000)]
  0x000000001c513800 JavaThread "stderr" daemon [_thread_in_native, id=8764, stack(0x0000000025950000,0x0000000025a50000)]
  0x000000001c512800 JavaThread "stdout" daemon [_thread_in_native, id=952, stack(0x0000000025850000,0x0000000025950000)]
  0x000000001c512000 JavaThread "stderr" daemon [_thread_in_native, id=4840, stack(0x0000000025750000,0x0000000025850000)]
  0x000000001c511000 JavaThread "stdout" daemon [_thread_in_native, id=6416, stack(0x0000000025650000,0x0000000025750000)]
  0x000000001c518000 JavaThread "stderr" daemon [_thread_in_native, id=1632, stack(0x0000000025550000,0x0000000025650000)]
  0x000000001c517000 JavaThread "stdout" daemon [_thread_in_native, id=9988, stack(0x0000000025450000,0x0000000025550000)]
  0x000000001c515800 JavaThread "stderr" daemon [_thread_in_native, id=7640, stack(0x0000000025350000,0x0000000025450000)]
  0x000000001c516800 JavaThread "stdout" daemon [_thread_in_native, id=4040, stack(0x0000000025250000,0x0000000025350000)]
  0x000000001c515000 JavaThread "stderr" daemon [_thread_in_native, id=8932, stack(0x0000000025150000,0x0000000025250000)]
  0x000000001c509800 JavaThread "stdout" daemon [_thread_in_native, id=8860, stack(0x0000000025050000,0x0000000025150000)]
  0x000000001c510800 JavaThread "stderr" daemon [_thread_in_native, id=9392, stack(0x0000000024f50000,0x0000000025050000)]
  0x000000001c508800 JavaThread "stdout" daemon [_thread_in_native, id=8112, stack(0x0000000024e50000,0x0000000024f50000)]
  0x000000001c50f800 JavaThread "stderr" daemon [_thread_in_native, id=6300, stack(0x0000000024d50000,0x0000000024e50000)]
  0x000000001c50f000 JavaThread "stdout" daemon [_thread_in_native, id=7736, stack(0x0000000024c50000,0x0000000024d50000)]
  0x000000001c50a000 JavaThread "stderr" daemon [_thread_in_native, id=2720, stack(0x0000000024b50000,0x0000000024c50000)]
  0x000000001c50e000 JavaThread "stdout" daemon [_thread_in_native, id=9672, stack(0x0000000024a50000,0x0000000024b50000)]
  0x000000001c50c000 JavaThread "stderr" daemon [_thread_in_native, id=9708, stack(0x0000000024950000,0x0000000024a50000)]
  0x000000001c50c800 JavaThread "png-cruncher_20" daemon [_thread_blocked, id=1440, stack(0x0000000024850000,0x0000000024950000)]
  0x000000001c50d800 JavaThread "png-cruncher_19" daemon [_thread_blocked, id=9844, stack(0x0000000024750000,0x0000000024850000)]
  0x000000001c50b000 JavaThread "png-cruncher_18" daemon [_thread_blocked, id=9704, stack(0x0000000024650000,0x0000000024750000)]
  0x000000001e6c9000 JavaThread "png-cruncher_17" daemon [_thread_blocked, id=1252, stack(0x0000000024550000,0x0000000024650000)]
  0x000000001e6cd000 JavaThread "png-cruncher_16" daemon [_thread_blocked, id=9872, stack(0x0000000024450000,0x0000000024550000)]
  0x000000001e6cb800 JavaThread "png-cruncher_15" daemon [_thread_blocked, id=9388, stack(0x0000000024350000,0x0000000024450000)]
  0x000000001e6ca000 JavaThread "png-cruncher_14" daemon [_thread_blocked, id=6032, stack(0x0000000024250000,0x0000000024350000)]
  0x000000001e6cc000 JavaThread "png-cruncher_13" daemon [_thread_blocked, id=9464, stack(0x0000000024150000,0x0000000024250000)]
  0x000000001e6ca800 JavaThread "png-cruncher_12" daemon [_thread_blocked, id=6656, stack(0x0000000024050000,0x0000000024150000)]
  0x000000001e6ce800 JavaThread "png-cruncher_11" daemon [_thread_blocked, id=8872, stack(0x0000000023f50000,0x0000000024050000)]
  0x000000001e6cd800 JavaThread "png-cruncher_10" daemon [_thread_blocked, id=10172, stack(0x0000000023e50000,0x0000000023f50000)]
  0x000000001e6c1800 JavaThread "png-cruncher_9" daemon [_thread_blocked, id=7856, stack(0x0000000023d50000,0x0000000023e50000)]
  0x000000001e6c8000 JavaThread "png-cruncher_8" daemon [_thread_blocked, id=8876, stack(0x0000000023c50000,0x0000000023d50000)]
  0x000000001e6c0800 JavaThread "png-cruncher_7" daemon [_thread_blocked, id=212, stack(0x0000000023b50000,0x0000000023c50000)]
  0x000000001e6c7800 JavaThread "png-cruncher_6" daemon [_thread_blocked, id=2620, stack(0x0000000023a50000,0x0000000023b50000)]
  0x000000001e6c0000 JavaThread "png-cruncher_5" daemon [_thread_blocked, id=7244, stack(0x0000000023950000,0x0000000023a50000)]
  0x000000001e6c6800 JavaThread "png-cruncher_4" daemon [_thread_blocked, id=7772, stack(0x0000000023850000,0x0000000023950000)]
  0x000000001e6bf000 JavaThread "png-cruncher_3" daemon [_thread_blocked, id=2820, stack(0x0000000023750000,0x0000000023850000)]
  0x000000001e6c6000 JavaThread "png-cruncher_2" daemon [_thread_blocked, id=4584, stack(0x0000000023650000,0x0000000023750000)]
  0x000000001e6c3000 JavaThread "png-cruncher_1" daemon [_thread_blocked, id=3148, stack(0x0000000023550000,0x0000000023650000)]
  0x000000001b888000 JavaThread "pool-2-thread-1" [_thread_blocked, id=6376, stack(0x000000001d550000,0x000000001d650000)]
  0x0000000019998000 JavaThread "File lock request listener" [_thread_in_native, id=9144, stack(0x000000001c280000,0x000000001c380000)]
  0x0000000018d72000 JavaThread "pool-1-thread-1" [_thread_blocked, id=3664, stack(0x000000001a5b0000,0x000000001a6b0000)]
  0x0000000018d9d800 JavaThread "Incoming local TCP Connector on port 52867" [_thread_in_native, id=5032, stack(0x0000000019ec0000,0x0000000019fc0000)]
  0x00000000164cc000 JavaThread "Service Thread" daemon [_thread_blocked, id=8996, stack(0x00000000181b0000,0x00000000182b0000)]
  0x000000001647e800 JavaThread "C1 CompilerThread2" daemon [_thread_blocked, id=9684, stack(0x0000000017cb0000,0x0000000017db0000)]
  0x0000000016470000 JavaThread "C2 CompilerThread1" daemon [_thread_blocked, id=3096, stack(0x0000000017bb0000,0x0000000017cb0000)]
  0x000000001646c000 JavaThread "C2 CompilerThread0" daemon [_thread_blocked, id=7764, stack(0x0000000017ab0000,0x0000000017bb0000)]
  0x000000001646a800 JavaThread "Attach Listener" daemon [_thread_blocked, id=9380, stack(0x00000000179b0000,0x0000000017ab0000)]
  0x000000001646a000 JavaThread "Signal Dispatcher" daemon [_thread_blocked, id=4784, stack(0x00000000178b0000,0x00000000179b0000)]
  0x0000000016458800 JavaThread "Finalizer" daemon [_thread_blocked, id=9468, stack(0x00000000176c0000,0x00000000177c0000)]
  0x0000000016437800 JavaThread "Reference Handler" daemon [_thread_blocked, id=5164, stack(0x00000000175c0000,0x00000000176c0000)]
  0x0000000002a00800 JavaThread "main" [_thread_blocked, id=8384, stack(0x0000000002900000,0x0000000002a00000)]

Other Threads:
  0x0000000016435800 VMThread [stack: 0x00000000174c0000,0x00000000175c0000] [id=7000]
  0x0000000017dc9000 WatcherThread [stack: 0x00000000182b0000,0x00000000183b0000] [id=9568]

VM state:not at safepoint (normal execution)

VM Mutex/Monitor currently owned by a thread: None

Heap:
 PSYoungGen      total 473088K, used 163493K [0x00000000e0000000, 0x00000000ff300000, 0x0000000100000000)
  eden space 439296K, 37% used [0x00000000e0000000,0x00000000e9fa9620,0x00000000fad00000)
  from space 33792K, 0% used [0x00000000fd200000,0x00000000fd200000,0x00000000ff300000)
  to   space 35840K, 0% used [0x00000000fad00000,0x00000000fad00000,0x00000000fd000000)
 ParOldGen       total 229376K, used 47990K [0x00000000a0000000, 0x00000000ae000000, 0x00000000e0000000)
  object space 229376K, 20% used [0x00000000a0000000,0x00000000a2eddbe0,0x00000000ae000000)
 Metaspace       used 78071K, capacity 83616K, committed 86784K, reserved 1124352K
  class space    used 9683K, capacity 10235K, committed 11008K, reserved 1048576K

Card table byte_map: [0x0000000011ec0000,0x00000000121d0000] byte_map_base: 0x00000000119c0000

Marking Bits: (ParMarkBitMap*) 0x00000000662d9d00
 Begin Bits: [0x00000000127d0000, 0x0000000013fd0000)
 End Bits:   [0x0000000013fd0000, 0x00000000157d0000)

Polling page: 0x00000000007f0000

CodeCache: size=245760Kb used=68997Kb max_used=69009Kb free=176762Kb
 bounds [0x0000000002b00000, 0x0000000006f00000, 0x0000000011b00000]
 total_blobs=19356 nmethods=18598 adapters=669
 compilation: enabled

Compilation events (10 events):
Event: 13625.630 Thread 0x000000001647e800 25869       3       com.android.manifmerger.PreValidator::checkSelectorPresence (68 bytes)
Event: 13625.633 Thread 0x000000001647e800 nmethod 25869 0x00000000058dc3d0 code [0x00000000058dc760, 0x00000000058de9f8]
Event: 13625.633 Thread 0x000000001647e800 25871       1       com.sun.org.apache.xerces.internal.dom.CoreDocumentImpl::changes (5 bytes)
Event: 13625.633 Thread 0x000000001647e800 nmethod 25871 0x0000000004134510 code [0x0000000004134660, 0x0000000004134770]
Event: 13625.635 Thread 0x0000000016470000 nmethod 25865 0x0000000006ec0310 code [0x0000000006ec04a0, 0x0000000006ec0c78]
Event: 13625.641 Thread 0x000000001646c000 nmethod 25870 0x0000000003f84a90 code [0x0000000003f84c00, 0x0000000003f850f8]
Event: 13627.105 Thread 0x000000001647e800 25872       3       java.util.concurrent.SynchronousQueue$TransferStack$SNode::isCancelled (14 bytes)
Event: 13627.107 Thread 0x000000001647e800 nmethod 25872 0x0000000004134190 code [0x00000000041342e0, 0x0000000004134490]
Event: 13627.116 Thread 0x0000000016470000 25873       4       com.sun.org.apache.xerces.internal.util.XMLStringBuffer::append (110 bytes)
Event: 13627.120 Thread 0x0000000016470000 nmethod 25873 0x000000000348c2d0 code [0x000000000348c420, 0x000000000348c6d8]

GC Heap History (10 events):
Event: 7418.115 GC heap before
{Heap before GC invocations=92 (full 20):
 PSYoungGen      total 477184K, used 160K [0x00000000e0000000, 0x00000000ffa00000, 0x0000000100000000)
  eden space 439296K, 0% used [0x00000000e0000000,0x00000000e0000000,0x00000000fad00000)
  from space 37888K, 0% used [0x00000000fd500000,0x00000000fd528000,0x00000000ffa00000)
  to   space 39424K, 0% used [0x00000000fad00000,0x00000000fad00000,0x00000000fd380000)
 ParOldGen       total 229376K, used 49318K [0x00000000a0000000, 0x00000000ae000000, 0x00000000e0000000)
  object space 229376K, 21% used [0x00000000a0000000,0x00000000a3029b20,0x00000000ae000000)
 Metaspace       used 77617K, capacity 82738K, committed 86656K, reserved 1124352K
  class space    used 9613K, capacity 10162K, committed 10880K, reserved 1048576K
Event: 7418.361 GC heap after
Heap after GC invocations=92 (full 20):
 PSYoungGen      total 477184K, used 0K [0x00000000e0000000, 0x00000000ffa00000, 0x0000000100000000)
  eden space 439296K, 0% used [0x00000000e0000000,0x00000000e0000000,0x00000000fad00000)
  from space 37888K, 0% used [0x00000000fd500000,0x00000000fd500000,0x00000000ffa00000)
  to   space 39424K, 0% used [0x00000000fad00000,0x00000000fad00000,0x00000000fd380000)
 ParOldGen       total 229376K, used 46415K [0x00000000a0000000, 0x00000000ae000000, 0x00000000e0000000)
  object space 229376K, 20% used [0x00000000a0000000,0x00000000a2d53d68,0x00000000ae000000)
 Metaspace       used 77617K, capacity 82738K, committed 86656K, reserved 1124352K
  class space    used 9613K, capacity 10162K, committed 10880K, reserved 1048576K
}
Event: 7561.336 GC heap before
{Heap before GC invocations=93 (full 20):
 PSYoungGen      total 477184K, used 296492K [0x00000000e0000000, 0x00000000ffa00000, 0x0000000100000000)
  eden space 439296K, 67% used [0x00000000e0000000,0x00000000f218b3d8,0x00000000fad00000)
  from space 37888K, 0% used [0x00000000fd500000,0x00000000fd500000,0x00000000ffa00000)
  to   space 39424K, 0% used [0x00000000fad00000,0x00000000fad00000,0x00000000fd380000)
 ParOldGen       total 229376K, used 46415K [0x00000000a0000000, 0x00000000ae000000, 0x00000000e0000000)
  object space 229376K, 20% used [0x00000000a0000000,0x00000000a2d53d68,0x00000000ae000000)
 Metaspace       used 77728K, capacity 83042K, committed 86656K, reserved 1124352K
  class space    used 9629K, capacity 10178K, committed 10880K, reserved 1048576K
Event: 7561.351 GC heap after
Heap after GC invocations=93 (full 20):
 PSYoungGen      total 442368K, used 2576K [0x00000000e0000000, 0x00000000ff700000, 0x0000000100000000)
  eden space 439296K, 0% used [0x00000000e0000000,0x00000000e0000000,0x00000000fad00000)
  from space 3072K, 83% used [0x00000000fad00000,0x00000000faf84010,0x00000000fb000000)
  to   space 37888K, 0% used [0x00000000fd200000,0x00000000fd200000,0x00000000ff700000)
 ParOldGen       total 229376K, used 46423K [0x00000000a0000000, 0x00000000ae000000, 0x00000000e0000000)
  object space 229376K, 20% used [0x00000000a0000000,0x00000000a2d55d68,0x00000000ae000000)
 Metaspace       used 77728K, capacity 83042K, committed 86656K, reserved 1124352K
  class space    used 9629K, capacity 10178K, committed 10880K, reserved 1048576K
}
Event: 7561.351 GC heap before
{Heap before GC invocations=94 (full 21):
 PSYoungGen      total 442368K, used 2576K [0x00000000e0000000, 0x00000000ff700000, 0x0000000100000000)
  eden space 439296K, 0% used [0x00000000e0000000,0x00000000e0000000,0x00000000fad00000)
  from space 3072K, 83% used [0x00000000fad00000,0x00000000faf84010,0x00000000fb000000)
  to   space 37888K, 0% used [0x00000000fd200000,0x00000000fd200000,0x00000000ff700000)
 ParOldGen       total 229376K, used 46423K [0x00000000a0000000, 0x00000000ae000000, 0x00000000e0000000)
  object space 229376K, 20% used [0x00000000a0000000,0x00000000a2d55d68,0x00000000ae000000)
 Metaspace       used 77728K, capacity 83042K, committed 86656K, reserved 1124352K
  class space    used 9629K, capacity 10178K, committed 10880K, reserved 1048576K
Event: 7561.624 GC heap after
Heap after GC invocations=94 (full 21):
 PSYoungGen      total 442368K, used 0K [0x00000000e0000000, 0x00000000ff700000, 0x0000000100000000)
  eden space 439296K, 0% used [0x00000000e0000000,0x00000000e0000000,0x00000000fad00000)
  from space 3072K, 0% used [0x00000000fad00000,0x00000000fad00000,0x00000000fb000000)
  to   space 37888K, 0% used [0x00000000fd200000,0x00000000fd200000,0x00000000ff700000)
 ParOldGen       total 229376K, used 48322K [0x00000000a0000000, 0x00000000ae000000, 0x00000000e0000000)
  object space 229376K, 21% used [0x00000000a0000000,0x00000000a2f30b70,0x00000000ae000000)
 Metaspace       used 77728K, capacity 83042K, committed 86656K, reserved 1124352K
  class space    used 9629K, capacity 10178K, committed 10880K, reserved 1048576K
}
Event: 7817.202 GC heap before
{Heap before GC invocations=95 (full 21):
 PSYoungGen      total 442368K, used 223371K [0x00000000e0000000, 0x00000000ff700000, 0x0000000100000000)
  eden space 439296K, 50% used [0x00000000e0000000,0x00000000eda22df8,0x00000000fad00000)
  from space 3072K, 0% used [0x00000000fad00000,0x00000000fad00000,0x00000000fb000000)
  to   space 37888K, 0% used [0x00000000fd200000,0x00000000fd200000,0x00000000ff700000)
 ParOldGen       total 229376K, used 48322K [0x00000000a0000000, 0x00000000ae000000, 0x00000000e0000000)
  object space 229376K, 21% used [0x00000000a0000000,0x00000000a2f30b70,0x00000000ae000000)
 Metaspace       used 77991K, capacity 83514K, committed 86656K, reserved 1124352K
  class space    used 9674K, capacity 10226K, committed 10880K, reserved 1048576K
Event: 7817.208 GC heap after
Heap after GC invocations=95 (full 21):
 PSYoungGen      total 473088K, used 1725K [0x00000000e0000000, 0x00000000ff300000, 0x0000000100000000)
  eden space 439296K, 0% used [0x00000000e0000000,0x00000000e0000000,0x00000000fad00000)
  from space 33792K, 5% used [0x00000000fd200000,0x00000000fd3af420,0x00000000ff300000)
  to   space 35840K, 0% used [0x00000000fad00000,0x00000000fad00000,0x00000000fd000000)
 ParOldGen       total 229376K, used 48330K [0x00000000a0000000, 0x00000000ae000000, 0x00000000e0000000)
  object space 229376K, 21% used [0x00000000a0000000,0x00000000a2f32b70,0x00000000ae000000)
 Metaspace       used 77991K, capacity 83514K, committed 86656K, reserved 1124352K
  class space    used 9674K, capacity 10226K, committed 10880K, reserved 1048576K
}
Event: 7817.208 GC heap before
{Heap before GC invocations=96 (full 22):
 PSYoungGen      total 473088K, used 1725K [0x00000000e0000000, 0x00000000ff300000, 0x0000000100000000)
  eden space 439296K, 0% used [0x00000000e0000000,0x00000000e0000000,0x00000000fad00000)
  from space 33792K, 5% used [0x00000000fd200000,0x00000000fd3af420,0x00000000ff300000)
  to   space 35840K, 0% used [0x00000000fad00000,0x00000000fad00000,0x00000000fd000000)
 ParOldGen       total 229376K, used 48330K [0x00000000a0000000, 0x00000000ae000000, 0x00000000e0000000)
  object space 229376K, 21% used [0x00000000a0000000,0x00000000a2f32b70,0x00000000ae000000)
 Metaspace       used 77991K, capacity 83514K, committed 86656K, reserved 1124352K
  class space    used 9674K, capacity 10226K, committed 10880K, reserved 1048576K
Event: 7817.435 GC heap after
Heap after GC invocations=96 (full 22):
 PSYoungGen      total 473088K, used 0K [0x00000000e0000000, 0x00000000ff300000, 0x0000000100000000)
  eden space 439296K, 0% used [0x00000000e0000000,0x00000000e0000000,0x00000000fad00000)
  from space 33792K, 0% used [0x00000000fd200000,0x00000000fd200000,0x00000000ff300000)
  to   space 35840K, 0% used [0x00000000fad00000,0x00000000fad00000,0x00000000fd000000)
 ParOldGen       total 229376K, used 47990K [0x00000000a0000000, 0x00000000ae000000, 0x00000000e0000000)
  object space 229376K, 20% used [0x00000000a0000000,0x00000000a2eddbe0,0x00000000ae000000)
 Metaspace       used 77991K, capacity 83514K, committed 86656K, reserved 1124352K
  class space    used 9674K, capacity 10226K, committed 10880K, reserved 1048576K
}

Deoptimization events (10 events):
Event: 7272.900 Thread 0x000000001be71800 Uncommon trap: reason=class_check action=maybe_recompile pc=0x000000000632466c method=com.sun.org.apache.xerces.internal.dom.NamedNodeMapImpl.getNamedItemNS(Ljava/lang/String;Ljava/lang/String;)Lorg/w3c/dom/Node; @ 28
Event: 7272.902 Thread 0x000000001be71800 Uncommon trap: reason=class_check action=maybe_recompile pc=0x000000000632466c method=com.sun.org.apache.xerces.internal.dom.NamedNodeMapImpl.getNamedItemNS(Ljava/lang/String;Ljava/lang/String;)Lorg/w3c/dom/Node; @ 28
Event: 7272.902 Thread 0x000000001be71800 Uncommon trap: reason=class_check action=maybe_recompile pc=0x000000000632466c method=com.sun.org.apache.xerces.internal.dom.NamedNodeMapImpl.getNamedItemNS(Ljava/lang/String;Ljava/lang/String;)Lorg/w3c/dom/Node; @ 28
Event: 7272.916 Thread 0x000000001be71800 Uncommon trap: reason=class_check action=maybe_recompile pc=0x000000000499d6dc method=com.sun.org.apache.xerces.internal.dom.NamedNodeMapImpl.getNamedItemNS(Ljava/lang/String;Ljava/lang/String;)Lorg/w3c/dom/Node; @ 28
Event: 7276.708 Thread 0x000000001be71800 Uncommon trap: reason=null_check action=make_not_entrant pc=0x00000000040f9104 method=com.android.ide.common.xml.XmlAttributeSortOrder$1.compare(Lorg/w3c/dom/Attr;Lorg/w3c/dom/Attr;)I @ 46
Event: 7558.935 Thread 0x000000001be70800 Uncommon trap: reason=null_check action=make_not_entrant pc=0x000000000654e0e0 method=org.apache.xerces.parsers.AbstractDOMParser.xmlDecl(Ljava/lang/String;Ljava/lang/String;Ljava/lang/String;Lorg/apache/xerces/xni/Augmentations;)V @ 77
Event: 7815.825 Thread 0x000000001be71800 Uncommon trap: reason=null_check action=make_not_entrant pc=0x000000000404959c method=org.apache.xerces.parsers.AbstractSAXParser.xmlDecl(Ljava/lang/String;Ljava/lang/String;Ljava/lang/String;Lorg/apache/xerces/xni/Augmentations;)V @ 9
Event: 13624.746 Thread 0x000000001be6d800 Uncommon trap: reason=unstable_if action=reinterpret pc=0x000000000513c5d8 method=java.util.Spliterator.getExactSizeIfKnown()J @ 9
Event: 13625.613 Thread 0x000000001be6d800 Uncommon trap: reason=unstable_if action=reinterpret pc=0x00000000046e92dc method=java.util.AbstractList.equals(Ljava/lang/Object;)Z @ 108
Event: 13625.631 Thread 0x000000001be6d800 Uncommon trap: reason=null_check action=make_not_entrant pc=0x0000000006e8264c method=com.android.ide.common.xml.XmlAttributeSortOrder$1.compare(Lorg/w3c/dom/Attr;Lorg/w3c/dom/Attr;)I @ 28

Internal exceptions (10 events):
Event: 13624.895 Thread 0x000000001be6d800 Exception <a 'sun/nio/fs/WindowsException'> (0x00000000e576f200) thrown at [C:\src\android\AOSP-openjdk\external\jetbrains\jdk\hotspot\src\share\vm\prims\jni.cpp, line 709]
Event: 13624.895 Thread 0x000000001be6d800 Exception <a 'sun/nio/fs/WindowsException'> (0x00000000e576fde8) thrown at [C:\src\android\AOSP-openjdk\external\jetbrains\jdk\hotspot\src\share\vm\prims\jni.cpp, line 709]
Event: 13624.896 Thread 0x000000001be6d800 Exception <a 'sun/nio/fs/WindowsException'> (0x00000000e5772880) thrown at [C:\src\android\AOSP-openjdk\external\jetbrains\jdk\hotspot\src\share\vm\prims\jni.cpp, line 709]
Event: 13624.896 Thread 0x000000001be6d800 Exception <a 'sun/nio/fs/WindowsException'> (0x00000000e57734a0) thrown at [C:\src\android\AOSP-openjdk\external\jetbrains\jdk\hotspot\src\share\vm\prims\jni.cpp, line 709]
Event: 13624.896 Thread 0x000000001be6d800 Exception <a 'sun/nio/fs/WindowsException'> (0x00000000e5775108) thrown at [C:\src\android\AOSP-openjdk\external\jetbrains\jdk\hotspot\src\share\vm\prims\jni.cpp, line 709]
Event: 13624.896 Thread 0x000000001be6d800 Exception <a 'sun/nio/fs/WindowsException'> (0x00000000e5775d60) thrown at [C:\src\android\AOSP-openjdk\external\jetbrains\jdk\hotspot\src\share\vm\prims\jni.cpp, line 709]
Event: 13624.896 Thread 0x000000001be6d800 Exception <a 'sun/nio/fs/WindowsException'> (0x00000000e57789c0) thrown at [C:\src\android\AOSP-openjdk\external\jetbrains\jdk\hotspot\src\share\vm\prims\jni.cpp, line 709]
Event: 13624.896 Thread 0x000000001be6d800 Exception <a 'sun/nio/fs/WindowsException'> (0x00000000e5779658) thrown at [C:\src\android\AOSP-openjdk\external\jetbrains\jdk\hotspot\src\share\vm\prims\jni.cpp, line 709]
Event: 13624.896 Thread 0x000000001be6d800 Exception <a 'sun/nio/fs/WindowsException'> (0x00000000e577b338) thrown at [C:\src\android\AOSP-openjdk\external\jetbrains\jdk\hotspot\src\share\vm\prims\jni.cpp, line 709]
Event: 13624.897 Thread 0x000000001be6d800 Exception <a 'sun/nio/fs/WindowsException'> (0x00000000e577c008) thrown at [C:\src\android\AOSP-openjdk\external\jetbrains\jdk\hotspot\src\share\vm\prims\jni.cpp, line 709]

Events (10 events):
Event: 13625.699 Executing VM operation: RevokeBias done
Event: 13627.104 Executing VM operation: RevokeBias
Event: 13627.104 Executing VM operation: RevokeBias done
Event: 13627.105 Thread 0x000000001be79000 Thread exited: 0x000000001be79000
Event: 13627.105 Thread 0x000000001be7a000 Thread exited: 0x000000001be7a000
Event: 13627.105 Thread 0x000000001be78800 Thread exited: 0x000000001be78800
Event: 13627.106 Thread 0x000000001be77800 Thread exited: 0x000000001be77800
Event: 13627.106 Executing VM operation: BulkRevokeBias
Event: 13627.107 Executing VM operation: BulkRevokeBias done
Event: 13627.107 Thread 0x000000001be76800 Thread exited: 0x000000001be76800


Dynamic libraries:
0x00007ff6065f0000 - 0x00007ff606621000 	C:\Program Files\Android\Android Studio\jre\bin\java.exe
0x00007ffb92a10000 - 0x00007ffb92be1000 	C:\WINDOWS\SYSTEM32\ntdll.dll
0x00007ffb92960000 - 0x00007ffb92a0b000 	C:\WINDOWS\System32\KERNEL32.DLL
0x00007ffb8f180000 - 0x00007ffb8f39d000 	C:\WINDOWS\System32\KERNELBASE.dll
0x00007ffb91e10000 - 0x00007ffb91eb2000 	C:\WINDOWS\System32\ADVAPI32.dll
0x00007ffb91b90000 - 0x00007ffb91c2e000 	C:\WINDOWS\System32\msvcrt.dll
0x00007ffb90400000 - 0x00007ffb90459000 	C:\WINDOWS\System32\sechost.dll
0x00007ffb91ed0000 - 0x00007ffb91ff1000 	C:\WINDOWS\System32\RPCRT4.dll
0x00007ffb92490000 - 0x00007ffb925f5000 	C:\WINDOWS\System32\USER32.dll
0x00007ffb8fd30000 - 0x00007ffb8fd4e000 	C:\WINDOWS\System32\win32u.dll
0x00007ffb91a80000 - 0x00007ffb91ab4000 	C:\WINDOWS\System32\GDI32.dll
0x00007ffb8fba0000 - 0x00007ffb8fd22000 	C:\WINDOWS\System32\gdi32full.dll
0x00007ffb82bf0000 - 0x00007ffb82e69000 	C:\WINDOWS\WinSxS\amd64_microsoft.windows.common-controls_6595b64144ccf1df_6.0.14393.447_none_42191651c6827bb3\COMCTL32.dll
0x00007ffb921c0000 - 0x00007ffb92488000 	C:\WINDOWS\System32\combase.dll
0x00007ffb8fea0000 - 0x00007ffb8ff95000 	C:\WINDOWS\System32\ucrtbase.dll
0x00007ffb8fb30000 - 0x00007ffb8fb9a000 	C:\WINDOWS\System32\bcryptPrimitives.dll
0x00007ffb8ffa0000 - 0x00007ffb8ffce000 	C:\WINDOWS\System32\IMM32.DLL
0x0000000065960000 - 0x0000000065a32000 	C:\Program Files\Android\Android Studio\jre\jre\bin\msvcr100.dll
0x0000000065b20000 - 0x0000000066354000 	C:\Program Files\Android\Android Studio\jre\jre\bin\server\jvm.dll
0x00007ffb92000000 - 0x00007ffb92008000 	C:\WINDOWS\System32\PSAPI.DLL
0x00007ffb86df0000 - 0x00007ffb86df9000 	C:\WINDOWS\SYSTEM32\WSOCK32.dll
0x00007ffb8cab0000 - 0x00007ffb8cad3000 	C:\WINDOWS\SYSTEM32\WINMM.dll
0x00007ffb85a70000 - 0x00007ffb85a7a000 	C:\WINDOWS\SYSTEM32\VERSION.dll
0x00007ffb92010000 - 0x00007ffb9207a000 	C:\WINDOWS\System32\WS2_32.dll
0x00007ffb8ca50000 - 0x00007ffb8ca7b000 	C:\WINDOWS\SYSTEM32\WINMMBASE.dll
0x00007ffb8f3a0000 - 0x00007ffb8f3e2000 	C:\WINDOWS\System32\cfgmgr32.dll
0x00007ffb86de0000 - 0x00007ffb86def000 	C:\Program Files\Android\Android Studio\jre\jre\bin\verify.dll
0x00007ffb81880000 - 0x00007ffb818a9000 	C:\Program Files\Android\Android Studio\jre\jre\bin\java.dll
0x00007ffb81860000 - 0x00007ffb81876000 	C:\Program Files\Android\Android Studio\jre\jre\bin\zip.dll
0x00007ffb90470000 - 0x00007ffb91979000 	C:\WINDOWS\System32\SHELL32.dll
0x00007ffb8f450000 - 0x00007ffb8fb2a000 	C:\WINDOWS\System32\windows.storage.dll
0x00007ffb8ee90000 - 0x00007ffb8eedc000 	C:\WINDOWS\System32\powrprof.dll
0x00007ffb92900000 - 0x00007ffb92952000 	C:\WINDOWS\System32\shlwapi.dll
0x00007ffb8ee80000 - 0x00007ffb8ee8f000 	C:\WINDOWS\System32\kernel.appcore.dll
0x00007ffb8f0d0000 - 0x00007ffb8f179000 	C:\WINDOWS\System32\shcore.dll
0x00007ffb8eee0000 - 0x00007ffb8eef4000 	C:\WINDOWS\System32\profapi.dll
0x00007ffb81640000 - 0x00007ffb8165a000 	C:\Program Files\Android\Android Studio\jre\jre\bin\net.dll
0x00007ffb8e7a0000 - 0x00007ffb8e7fc000 	C:\WINDOWS\system32\mswsock.dll
0x00007ffb81620000 - 0x00007ffb81631000 	C:\Program Files\Android\Android Studio\jre\jre\bin\nio.dll
0x00007ffb80860000 - 0x00007ffb80872000 	C:\Users\jssbbonilla\.gradle\native\19\windows-amd64\native-platform.dll
0x00007ffb8e950000 - 0x00007ffb8e967000 	C:\WINDOWS\SYSTEM32\CRYPTSP.dll
0x00007ffb8e3b0000 - 0x00007ffb8e3e3000 	C:\WINDOWS\system32\rsaenh.dll
0x00007ffb8ea50000 - 0x00007ffb8ea7b000 	C:\WINDOWS\SYSTEM32\bcrypt.dll
0x00007ffb8e610000 - 0x00007ffb8e62f000 	C:\WINDOWS\SYSTEM32\USERENV.dll
0x00007ffb8e940000 - 0x00007ffb8e94b000 	C:\WINDOWS\SYSTEM32\CRYPTBASE.dll
0x00007ffb8e530000 - 0x00007ffb8e568000 	C:\WINDOWS\SYSTEM32\IPHLPAPI.DLL
0x00007ffb90460000 - 0x00007ffb90468000 	C:\WINDOWS\System32\NSI.dll
0x00007ffb862b0000 - 0x00007ffb862c6000 	C:\WINDOWS\SYSTEM32\dhcpcsvc6.DLL
0x00007ffb86290000 - 0x00007ffb862aa000 	C:\WINDOWS\SYSTEM32\dhcpcsvc.DLL
0x00007ffb83010000 - 0x00007ffb8301d000 	C:\Program Files\Android\Android Studio\jre\jre\bin\management.dll
0x00007ffb80cc0000 - 0x00007ffb80ce4000 	C:\Program Files\Android\Android Studio\jre\jre\bin\sunec.dll
0x00007ffb815c0000 - 0x00007ffb815cb000 	C:\Program Files\Android\Android Studio\jre\jre\bin\sunmscapi.dll
0x00007ffb8ef00000 - 0x00007ffb8f0c9000 	C:\WINDOWS\System32\CRYPT32.dll
0x00007ffb8ee70000 - 0x00007ffb8ee80000 	C:\WINDOWS\System32\MSASN1.dll
0x00007ffb7c910000 - 0x00007ffb7caa2000 	C:\WINDOWS\SYSTEM32\dbghelp.dll

VM Arguments:
jvm_args: -Xmx1536m -Dfile.encoding=windows-1252 -Duser.country=US -Duser.language=en -Duser.variant 
java_command: org.gradle.launcher.daemon.bootstrap.GradleDaemon 2.14.1
java_class_path (initial): C:\Program Files\Android\Android Studio\gradle\gradle-2.14.1\lib\gradle-launcher-2.14.1.jar
Launcher Type: SUN_STANDARD

Environment Variables:
PATH=C:\ProgramData\Oracle\Java\javapath;C:\WINDOWS\system32;C:\WINDOWS;C:\WINDOWS\System32\Wbem;C:\WINDOWS\System32\WindowsPowerShell\v1.0\;C:\Program Files (x86)\GtkSharp\2.12\bin;C:\Program Files (x86)\NVIDIA Corporation\PhysX\Common;C:\Program Files (x86)\Brackets\command;C:\Program Files\Git\cmd;C:\Users\jssbbonilla\AppData\Local\Microsoft\WindowsApps;;C:\Program Files\Docker Toolbox
USERNAME=jssbbonilla
OS=Windows_NT
PROCESSOR_IDENTIFIER=Intel64 Family 6 Model 69 Stepping 1, GenuineIntel



---------------  S Y S T E M  ---------------

OS: Windows 10.0 , 64 bit Build 14393 (10.0.14393.0)

CPU:total 4 (2 cores per cpu, 2 threads per core) family 6 model 69 stepping 1, cmov, cx8, fxsr, mmx, sse, sse2, sse3, ssse3, sse4.1, sse4.2, popcnt, avx, avx2, aes, clmul, erms, lzcnt, ht, tsc, tscinvbit, bmi1, bmi2

Memory: 4k page, physical 8269104k(2612008k free), swap 9579824k(1804140k free)

vm_info: OpenJDK 64-Bit Server VM (25.76-b03) for windows-amd64 JRE (1.8.0_76-release-b03), built on Jun 29 2016 19:09:20 by "ralucas" with MS VC++ 10.0 (VS2010)

time: Tue Apr 11 16:31:00 2017
elapsed time: 13627 seconds (0d 3h 47m 7s)

